Client #1506035044393 connected
Client #1506035044393 has asked: Slipknot includes Corey Taylor?
Server answered to Client #1506035044393: 1
Client #1506035044393 has asked: Chester Bennigton is alive?
Server answered to Client #1506035044393: 0
Client #1506035044393 has asked: Tsoy zhiv?
Server answered to Client #1506035044393: 0
Client #1506035044393 has asked: 1 is more than 2?
Server answered to Client #1506035044393: 1
Client #1506035044393 has asked: Dima equals Dmitriy?
Server answered to Client #1506035044393: 1
Client #1506035044393 disconnectedClient #1506035044456 connected
Client #1506035044456 has asked: Tsoy zhiv?
Server answered to Client #1506035044456: 0
Client #1506035044456 has asked: Dima equals Dmitriy?
Server answered to Client #1506035044456: 0
Client #1506035044456 has asked: 1 is more than 2?
Server answered to Client #1506035044456: 0
Client #1506035044456 has asked: Chester Bennigton is alive?
Server answered to Client #1506035044456: 1
Client #1506035044456 has asked: Slipknot includes Corey Taylor?
Server answered to Client #1506035044456: 1
Client #1506035044456 disconnectedClient #1506035044532 connected
Client #1506035044538 connected
Client #1506035044532 has asked: Slipknot includes Corey Taylor?
Server answered to Client #1506035044532: 0
Client #1506035044538 has asked: Slipknot includes Corey Taylor?
Server answered to Client #1506035044538: 0
Client #1506035044532 has asked: 1 is more than 2?
Server answered to Client #1506035044532: 1
Client #1506035044532 has asked: Tsoy zhiv?
Server answered to Client #1506035044532: 0
Client #1506035044538 has asked: Chester Bennigton is alive?
Server answered to Client #1506035044538: 1
Client #1506035044532 has asked: Dima equals Dmitriy?
Server answered to Client #1506035044532: 0
Client #1506035044532 has asked: Chester Bennigton is alive?
Server answered to Client #1506035044532: 0
Client #1506035044538 has asked: 1 is more than 2?
Server answered to Client #1506035044538: 0
Client #1506035044538 has asked: Tsoy zhiv?
Server answered to Client #1506035044538: 0
Client #1506035044532 disconnectedClient #1506035044538 has asked: Dima equals Dmitriy?
Server answered to Client #1506035044538: 0
Client #1506035044538 disconnected